analysis.py
api_puzzle.py
api_seasons.py
bak
bgg.py
cmd_send.py
config.yml
create_gn.sql
data
delay.py
device.json
dumps
ecy.py
function.py
guess_color.py
guess_number_2.py
guess_number_five.py
guess_number.py
LICENSE
logs
main.log
main.py
moyu.py
nohup.out
other.py
__pycache__
qq.log
README.md
scy.py
send_delay_message.py
sendmessage.sh
session.token
start.sh
test.py
tmp.py
touhou.py
xiaohua.list
zaoan.py
.
..
analysis.py
api_puzzle.py
api_seasons.py
bak
bgg.py
cmd_send.py
config.yml
create_gn.sql
data
delay.py
device.json
dumps
ecy.py
function.py
.git
.gitignore
guess_color.py
guess_number_2.py
guess_number_five.py
guess_number.py
LICENSE
logs
main.log
main.py
moyu.py
nohup.out
other.py
__pycache__
qq.log
README.md
scy.py
send_delay_message.py
sendmessage.sh
session.token
start.sh
test.py
tmp.py
touhou.py
xiaohua.list
zaoan.py
analysis.py
api_puzzle.py
api_seasons.py
bak
bgg.py
cmd_send.py
config.yml
create_gn.sql
data
delay.py
device.json
dumps
ecy.py
function.py
guess_color.py
guess_number_2.py
guess_number_five.py
guess_number.py
LICENSE
logs
main.log
main.py
moyu.py
nohup.out
other.py
__pycache__
qq.log
README.md
scy.py
send_delay_message.py
sendmessage.sh
session.token
start.sh
test.py
tmp.py
touhou.py
xiaohua.list
zaoan.py
